{"/Users/woraponprathuangthip/sharing-snapshot-testing-with-jest/src/App.js": {"path":"/Users/woraponprathuangthip/sharing-snapshot-testing-with-jest/src/App.js","statementMap":{"0":{"start":{"line":6,"column":22},"end":{"line":6,"column":32}},"1":{"start":{"line":7,"column":4},"end":{"line":21,"column":5}}},"fnMap":{"0":{"name":"(anonymous_0)","decl":{"start":{"line":5,"column":2},"end":{"line":5,"column":3}},"loc":{"start":{"line":5,"column":11},"end":{"line":22,"column":3}},"line":5}},"branchMap":{},"s":{"0":2,"1":2},"f":{"0":2},"b":{},"_coverageSchema":"332fd63041d2c1bcb487cc26dd0d5f7d97098a6c","hash":"e92519cc2e759d28b35a48b146eae4cd20a603ee"}
,"/Users/woraponprathuangthip/sharing-snapshot-testing-with-jest/src/Link.js": {"path":"/Users/woraponprathuangthip/sharing-snapshot-testing-with-jest/src/Link.js","statementMap":{"0":{"start":{"line":5,"column":21},"end":{"line":5,"column":31}},"1":{"start":{"line":6,"column":4},"end":{"line":10,"column":5}}},"fnMap":{"0":{"name":"(anonymous_0)","decl":{"start":{"line":4,"column":2},"end":{"line":4,"column":3}},"loc":{"start":{"line":4,"column":11},"end":{"line":11,"column":3}},"line":4}},"branchMap":{},"s":{"0":4,"1":4},"f":{"0":4},"b":{},"_coverageSchema":"332fd63041d2c1bcb487cc26dd0d5f7d97098a6c","hash":"507a7ddf90d0f14e42c40081e8deb13391a09624"}
,"/Users/woraponprathuangthip/sharing-snapshot-testing-with-jest/src/utils/calculate.js": {"path":"/Users/woraponprathuangthip/sharing-snapshot-testing-with-jest/src/utils/calculate.js","statementMap":{"0":{"start":{"line":4,"column":25},"end":{"line":7,"column":1}},"1":{"start":{"line":5,"column":22},"end":{"line":5,"column":31}},"2":{"start":{"line":6,"column":2},"end":{"line":6,"column":28}}},"fnMap":{"0":{"name":"(anonymous_0)","decl":{"start":{"line":4,"column":25},"end":{"line":4,"column":26}},"loc":{"start":{"line":4,"column":38},"end":{"line":7,"column":1}},"line":4}},"branchMap":{},"s":{"0":1,"1":1,"2":1},"f":{"0":1},"b":{},"_coverageSchema":"332fd63041d2c1bcb487cc26dd0d5f7d97098a6c","hash":"b619ae25786cd3154b9e700fe4039a1bc48a547a"}
,"/Users/woraponprathuangthip/sharing-snapshot-testing-with-jest/src/utils/sub.js": {"path":"/Users/woraponprathuangthip/sharing-snapshot-testing-with-jest/src/utils/sub.js","statementMap":{"0":{"start":{"line":1,"column":19},"end":{"line":4,"column":1}},"1":{"start":{"line":2,"column":2},"end":{"line":2,"column":23}},"2":{"start":{"line":3,"column":2},"end":{"line":3,"column":14}}},"fnMap":{"0":{"name":"(anonymous_0)","decl":{"start":{"line":1,"column":19},"end":{"line":1,"column":20}},"loc":{"start":{"line":1,"column":29},"end":{"line":4,"column":1}},"line":1}},"branchMap":{},"s":{"0":1,"1":0,"2":0},"f":{"0":0},"b":{},"_coverageSchema":"332fd63041d2c1bcb487cc26dd0d5f7d97098a6c","hash":"508da4a613089bff86b9d2d46b5d658ef77df01b"}
,"/Users/woraponprathuangthip/sharing-snapshot-testing-with-jest/src/utils/sum.js": {"path":"/Users/woraponprathuangthip/sharing-snapshot-testing-with-jest/src/utils/sum.js","statementMap":{"0":{"start":{"line":1,"column":19},"end":{"line":3,"column":1}},"1":{"start":{"line":2,"column":2},"end":{"line":2,"column":14}}},"fnMap":{"0":{"name":"(anonymous_0)","decl":{"start":{"line":1,"column":19},"end":{"line":1,"column":20}},"loc":{"start":{"line":1,"column":29},"end":{"line":3,"column":1}},"line":1}},"branchMap":{},"s":{"0":1,"1":1},"f":{"0":1},"b":{},"_coverageSchema":"332fd63041d2c1bcb487cc26dd0d5f7d97098a6c","hash":"531aba1414179d56d0c12ffab39f3cff4dd75791"}
}
